<?xml version="1.0" encoding="UTF-8"?>
<!-- Generated by org.testng.reporters.JUnitReportReporter -->
<testsuite hostname="LAPTOP-IUJCQHFK" failures="0" tests="3" name="TestLayer.PIMPageTest" time="8.797" errors="0" timestamp="2023-07-14T21:27:41 IST" skipped="0">
  <testcase classname="TestLayer.PIMPageTest" name="validateUserOnPIMPage" time="1.272"/>
  <system-out/>
  <testcase classname="TestLayer.PIMPageTest" name="validateaddEmployeeFunctionality" time="2.073"/>
  <system-out/>
  <testcase classname="TestLayer.PIMPageTest" name="validateAddPersonalDetails" time="5.452"/>
  <system-out/>
</testsuite> <!-- TestLayer.PIMPageTest -->
