<?xml version="1.0" encoding="UTF-8"?>
<!-- Generated by org.testng.reporters.JUnitReportReporter -->
<testsuite hostname="LAPTOP-IUJCQHFK" failures="0" tests="3" name="TestLayer.HomePageTest" time="0.365" errors="0" timestamp="2023-07-14T21:27:41 IST" skipped="0">
  <testcase classname="TestLayer.HomePageTest" name="validateHomePageUrl" time="0.015"/>
  <system-out/>
  <testcase classname="TestLayer.HomePageTest" name="validateHomePageTitle" time="0.005"/>
  <system-out/>
  <testcase classname="TestLayer.HomePageTest" name="validateHomePageLogo" time="0.345"/>
  <system-out/>
</testsuite> <!-- TestLayer.HomePageTest -->
