<?xml version="1.0" encoding="UTF-8"?>
<!-- Generated by org.testng.reporters.JUnitReportReporter -->
<testsuite hostname="DESKTOP-T5VT6DO" failures="0" tests="1" name="TestLayer.LoginPageTest" time="1.191" errors="0" timestamp="2023-08-08T15:10:51 IST" skipped="0">
  <testcase classname="TestLayer.LoginPageTest" name="validateLoginPageFunctionaliy" time="1.191"/>
  <system-out/>
</testsuite> <!-- TestLayer.LoginPageTest -->
